The system is: Windows - 6.2 - AMD64
Compiling the C compiler identification source file "CMakeCCompilerId.c" succeeded.
Compiler: C:/Program Files (x86)/Microsoft Visual Studio 12.0/VC/bin/x86_amd64/cl.exe 
Build flags: 
Id flags: 

The output was:
0
Microsoft (R) C/C++ Optimizing Compiler Version 18.00.31101 for x64
Copyright (C) Microsoft Corporation.  All rights reserved.

CMakeCCompilerId.c
Microsoft (R) Incremental Linker Version 12.00.31101.0
Copyright (C) Microsoft Corporation.  All rights reserved.

/out:CMakeCCompilerId.exe 
CMakeCCompilerId.obj 


Compilation of the C compiler identification source "CMakeCCompilerId.c" produced "CMakeCCompilerId.exe"

Compilation of the C compiler identification source "CMakeCCompilerId.c" produced "CMakeCCompilerId.obj"

The C compiler identification is MSVC, found in "F:/Projects/Qt/Zaviruha2/zaviruha_r/build1/CMakeFiles/3.0.0-rc1/CompilerIdC/CMakeCCompilerId.exe"

Compiling the CXX compiler identification source file "CMakeCXXCompilerId.cpp" succeeded.
Compiler: C:/Program Files (x86)/Microsoft Visual Studio 12.0/VC/bin/x86_amd64/cl.exe 
Build flags: 
Id flags: 

The output was:
0
Microsoft (R) C/C++ Optimizing Compiler Version 18.00.31101 for x64
Copyright (C) Microsoft Corporation.  All rights reserved.

CMakeCXXCompilerId.cpp
Microsoft (R) Incremental Linker Version 12.00.31101.0
Copyright (C) Microsoft Corporation.  All rights reserved.

/out:CMakeCXXCompilerId.exe 
CMakeCXXCompilerId.obj 


Compilation of the CXX compiler identification source "CMakeCXXCompilerId.cpp" produced "CMakeCXXCompilerId.exe"

Compilation of the CXX compiler identification source "CMakeCXXCompilerId.cpp" produced "CMakeCXXCompilerId.obj"

The CXX compiler identification is MSVC, found in "F:/Projects/Qt/Zaviruha2/zaviruha_r/build1/CMakeFiles/3.0.0-rc1/CompilerIdCXX/CMakeCXXCompilerId.exe"

Determining if the C compiler works passed with the following output:
Change Dir: F:/Projects/Qt/Zaviruha2/zaviruha_r/build1/CMakeFiles/CMakeTmp

Run Build Command:"nmake" "/NOLOGO" "cmTryCompileExec2008561662\fast"
	"C:\Program Files (x86)\Microsoft Visual Studio 12.0\VC\BIN\nmake.exe" -f CMakeFiles\cmTryCompileExec2008561662.dir\build.make /nologo -L                  CMakeFiles\cmTryCompileExec2008561662.dir\build
	"C:\Program Files (x86)\CMake\bin\cmake.exe" -E cmake_progress_report F:\Projects\Qt\Zaviruha2\zaviruha_r\build1\CMakeFiles\CMakeTmp\CMakeFiles 1
Building C object CMakeFiles/cmTryCompileExec2008561662.dir/testCCompiler.c.obj
	C:\PROGRA~2\MICROS~2.0\VC\bin\X86_AM~1\cl.exe  @C:\Users\ANDREW~1\AppData\Local\Temp\nm1047.tmp
testCCompiler.c
Linking C executable cmTryCompileExec2008561662.exe
	"C:\Program Files (x86)\CMake\bin\cmake.exe" -E vs_link_exe C:\PROGRA~2\MICROS~2.0\VC\bin\X86_AM~1\link.exe /nologo @CMakeFiles\cmTryCompileExec2008561662.dir\objects1.rsp @C:\Users\ANDREW~1\AppData\Local\Temp\nm1087.tmp


Detecting C compiler ABI info compiled with the following output:
Change Dir: F:/Projects/Qt/Zaviruha2/zaviruha_r/build1/CMakeFiles/CMakeTmp

Run Build Command:"nmake" "/NOLOGO" "cmTryCompileExec1715747090\fast"
	"C:\Program Files (x86)\Microsoft Visual Studio 12.0\VC\BIN\nmake.exe" -f CMakeFiles\cmTryCompileExec1715747090.dir\build.make /nologo -L                  CMakeFiles\cmTryCompileExec1715747090.dir\build
	"C:\Program Files (x86)\CMake\bin\cmake.exe" -E cmake_progress_report F:\Projects\Qt\Zaviruha2\zaviruha_r\build1\CMakeFiles\CMakeTmp\CMakeFiles 1
Building C object CMakeFiles/cmTryCompileExec1715747090.dir/CMakeCCompilerABI.c.obj
	C:\PROGRA~2\MICROS~2.0\VC\bin\X86_AM~1\cl.exe  @C:\Users\ANDREW~1\AppData\Local\Temp\nm12A9.tmp
CMakeCCompilerABI.c
Linking C executable cmTryCompileExec1715747090.exe
	"C:\Program Files (x86)\CMake\bin\cmake.exe" -E vs_link_exe C:\PROGRA~2\MICROS~2.0\VC\bin\X86_AM~1\link.exe /nologo @CMakeFiles\cmTryCompileExec1715747090.dir\objects1.rsp @C:\Users\ANDREW~1\AppData\Local\Temp\nm12F8.tmp


Determining if the CXX compiler works passed with the following output:
Change Dir: F:/Projects/Qt/Zaviruha2/zaviruha_r/build1/CMakeFiles/CMakeTmp

Run Build Command:"nmake" "/NOLOGO" "cmTryCompileExec3503346912\fast"
	"C:\Program Files (x86)\Microsoft Visual Studio 12.0\VC\BIN\nmake.exe" -f CMakeFiles\cmTryCompileExec3503346912.dir\build.make /nologo -L                  CMakeFiles\cmTryCompileExec3503346912.dir\build
	"C:\Program Files (x86)\CMake\bin\cmake.exe" -E cmake_progress_report F:\Projects\Qt\Zaviruha2\zaviruha_r\build1\CMakeFiles\CMakeTmp\CMakeFiles 1
Building CXX object CMakeFiles/cmTryCompileExec3503346912.dir/testCXXCompiler.cxx.obj
	C:\PROGRA~2\MICROS~2.0\VC\bin\X86_AM~1\cl.exe  @C:\Users\ANDREW~1\AppData\Local\Temp\nm1558.tmp
testCXXCompiler.cxx
Linking CXX executable cmTryCompileExec3503346912.exe
	"C:\Program Files (x86)\CMake\bin\cmake.exe" -E vs_link_exe C:\PROGRA~2\MICROS~2.0\VC\bin\X86_AM~1\link.exe /nologo @CMakeFiles\cmTryCompileExec3503346912.dir\objects1.rsp @C:\Users\ANDREW~1\AppData\Local\Temp\nm15A7.tmp


Detecting CXX compiler ABI info compiled with the following output:
Change Dir: F:/Projects/Qt/Zaviruha2/zaviruha_r/build1/CMakeFiles/CMakeTmp

Run Build Command:"nmake" "/NOLOGO" "cmTryCompileExec3054598413\fast"
	"C:\Program Files (x86)\Microsoft Visual Studio 12.0\VC\BIN\nmake.exe" -f CMakeFiles\cmTryCompileExec3054598413.dir\build.make /nologo -L                  CMakeFiles\cmTryCompileExec3054598413.dir\build
	"C:\Program Files (x86)\CMake\bin\cmake.exe" -E cmake_progress_report F:\Projects\Qt\Zaviruha2\zaviruha_r\build1\CMakeFiles\CMakeTmp\CMakeFiles 1
Building CXX object CMakeFiles/cmTryCompileExec3054598413.dir/CMakeCXXCompilerABI.cpp.obj
	C:\PROGRA~2\MICROS~2.0\VC\bin\X86_AM~1\cl.exe  @C:\Users\ANDREW~1\AppData\Local\Temp\nm17C9.tmp
CMakeCXXCompilerABI.cpp
Linking CXX executable cmTryCompileExec3054598413.exe
	"C:\Program Files (x86)\CMake\bin\cmake.exe" -E vs_link_exe C:\PROGRA~2\MICROS~2.0\VC\bin\X86_AM~1\link.exe /nologo @CMakeFiles\cmTryCompileExec3054598413.dir\objects1.rsp @C:\Users\ANDREW~1\AppData\Local\Temp\nm1828.tmp


