Build started 29.03.2016 2:52:40.
Project "C:\Project\zaviruha_r\redist\protobuf26\src\protobuf-2.6.1\vsprojects\libprotobuf-lite.vcxproj" on node 2 (Build target(s)).
C:\Program Files (x86)\MSBuild\Microsoft.Cpp\v4.0\V120\Microsoft.CppBuild.targets(388,5): warning MSB8028: The intermediate directory (Release\) contains files shared from another project (libprotobuf.vcxproj, libprotoc.vcxproj, protoc.vcxproj).  This can lead to incorrect clean and rebuild behavior.
ClCompile:
  C:\Program Files (x86)\Microsoft Visual Studio 12.0\VC\bin\CL.exe /c /I../src /I. /Zi /nologo /W3 /WX- /O2 /Oy- /D WIN32 /D NDEBUG /D _WINDOWS /D _USRDLL /D LIBPROTOBUF_EXPORTS /Gm- /EHsc /MD /GS /fp:precise /Zc:wchar_t /Zc:forScope /Fo"Release\\" /Fd"Release\vc120.pdb" /Gd /TP /analyze- /errorReport:prompt /wd4244 /wd4267 /wd4018 /wd4355 /wd4800 /wd4251 /wd4996 /wd4146 /wd4305 ..\src\google\protobuf\extension_set.cc ..\src\google\protobuf\generated_message_util.cc ..\src\google\protobuf\io\coded_stream.cc ..\src\google\protobuf\io\zero_copy_stream.cc ..\src\google\protobuf\io\zero_copy_stream_impl_lite.cc ..\src\google\protobuf\message_lite.cc ..\src\google\protobuf\repeated_field.cc ..\src\google\protobuf\stubs\atomicops_internals_x86_msvc.cc ..\src\google\protobuf\stubs\common.cc ..\src\google\protobuf\stubs\once.cc ..\src\google\protobuf\stubs\stringprintf.cc ..\src\google\protobuf\wire_format_lite.cc
  extension_set.cc
  generated_message_util.cc
  coded_stream.cc
  zero_copy_stream.cc
  zero_copy_stream_impl_lite.cc
  message_lite.cc
  repeated_field.cc
  atomicops_internals_x86_msvc.cc
  common.cc
  once.cc
  stringprintf.cc
  wire_format_lite.cc
  Generating Code...
c:\project\zaviruha_r\redist\protobuf26\src\protobuf-2.6.1\src\google\protobuf\extension_set.cc(74): warning C4715: 'google::protobuf::internal::`anonymous namespace'::is_packable' : not all control paths return a value
Lib:
  C:\Program Files (x86)\Microsoft Visual Studio 12.0\VC\bin\Lib.exe /OUT:"Release\libprotobuf-lite.lib" /NOLOGO Release\extension_set.obj
  Release\generated_message_util.obj
  Release\coded_stream.obj
  Release\zero_copy_stream.obj
  Release\zero_copy_stream_impl_lite.obj
  Release\message_lite.obj
  Release\repeated_field.obj
  Release\atomicops_internals_x86_msvc.obj
  Release\common.obj
  Release\once.obj
  Release\stringprintf.obj
  Release\wire_format_lite.obj
  libprotobuf-lite.vcxproj -> C:\Project\zaviruha_r\redist\protobuf26\src\protobuf-2.6.1\vsprojects\Release\libprotobuf-lite.lib
Done Building Project "C:\Project\zaviruha_r\redist\protobuf26\src\protobuf-2.6.1\vsprojects\libprotobuf-lite.vcxproj" (Build target(s)).

Build succeeded.

Time Elapsed 00:00:09.56
